<?xml version="1.0" encoding="UTF-8"?>
<testsuite name="e2e.AuctionSniperEndToEndTest" tests="3" skipped="0" failures="0" errors="0" timestamp="2018-10-29T19:44:59" hostname="192.168.1.3" time="4.505">
  <properties/>
  <testcase name="sniperMakesAHigherBidButLoses" classname="e2e.AuctionSniperEndToEndTest" time="3.241"/>
  <testcase name="sniperJoinsAuctionUntilAuctionCloses" classname="e2e.AuctionSniperEndToEndTest" time="0.533"/>
  <testcase name="sniperWinsAnAuctionByBiddingHigher" classname="e2e.AuctionSniperEndToEndTest" time="0.731"/>
  <system-out><![CDATA[]]></system-out>
  <system-err><![CDATA[Error! A startup class specified in smack-config.xml could not be loaded: org.jivesoftware.smackx.ServiceDiscoveryManager
Error! A startup class specified in smack-config.xml could not be loaded: org.jivesoftware.smackx.XHTMLManager
Error! A startup class specified in smack-config.xml could not be loaded: org.jivesoftware.smackx.muc.MultiUserChat
Error! A startup class specified in smack-config.xml could not be loaded: org.jivesoftware.smackx.filetransfer.FileTransferManager
Error! A startup class specified in smack-config.xml could not be loaded: org.jivesoftware.smackx.LastActivityManager
Error! A startup class specified in smack-config.xml could not be loaded: org.jivesoftware.smackx.commands.AdHocCommandManager
Error! A startup class specified in smack-config.xml could not be loaded: org.jivesoftware.smackx.ServiceDiscoveryManager
Error! A startup class specified in smack-config.xml could not be loaded: org.jivesoftware.smackx.XHTMLManager
Error! A startup class specified in smack-config.xml could not be loaded: org.jivesoftware.smackx.muc.MultiUserChat
Error! A startup class specified in smack-config.xml could not be loaded: org.jivesoftware.smackx.filetransfer.FileTransferManager
Error! A startup class specified in smack-config.xml could not be loaded: org.jivesoftware.smackx.LastActivityManager
Error! A startup class specified in smack-config.xml could not be loaded: org.jivesoftware.smackx.commands.AdHocCommandManager
WARNING: could not load keyboard layout Mac-US, using fallback layout with reduced capabilities (JAR entry com/objogate/wl/keyboard/Mac-US not found in /Users/ktsal/.gradle/caches/modules-2/files-2.1/com.googlecode.windowlicker/windowlicker-core/r268/c9c8dc4e5e0bd433ad8ad054d05dfb648324bf83/windowlicker-core-r268.jar)
WARNING: could not load keyboard layout Mac-US, using fallback layout with reduced capabilities (JAR entry com/objogate/wl/keyboard/Mac-US not found in /Users/ktsal/.gradle/caches/modules-2/files-2.1/com.googlecode.windowlicker/windowlicker-core/r268/c9c8dc4e5e0bd433ad8ad054d05dfb648324bf83/windowlicker-core-r268.jar)
WARNING: could not load keyboard layout Mac-US, using fallback layout with reduced capabilities (JAR entry com/objogate/wl/keyboard/Mac-US not found in /Users/ktsal/.gradle/caches/modules-2/files-2.1/com.googlecode.windowlicker/windowlicker-core/r268/c9c8dc4e5e0bd433ad8ad054d05dfb648324bf83/windowlicker-core-r268.jar)
]]></system-err>
</testsuite>
