<?xml version="1.0" encoding="UTF-8"?>
<testsuite name="unit.AuctionMessageTranslatorTest" tests="2" skipped="0" failures="0" errors="0" timestamp="2018-10-01T00:14:14" hostname="192.168.1.3" time="0.012">
  <properties/>
  <testcase name="notifiesAuctionClosedWhenCloseMessageReceived" classname="unit.AuctionMessageTranslatorTest" time="0.011"/>
  <testcase name="notifiesBidDetailsWhenCurrentPriceMessageReceived" classname="unit.AuctionMessageTranslatorTest" time="0.001"/>
  <system-out><![CDATA[]]></system-out>
  <system-err><![CDATA[]]></system-err>
</testsuite>
