<?xml version="1.0" encoding="UTF-8"?>
<testsuite name="unit.AuctionMessageTranslatorTest" tests="3" skipped="0" failures="0" errors="0" timestamp="2018-10-29T19:45:04" hostname="192.168.1.3" time="0.028">
  <properties/>
  <testcase name="notifiesBidDetailsWhenCurrentPRiceMessageReceivedFromSniper" classname="unit.AuctionMessageTranslatorTest" time="0.021"/>
  <testcase name="notifiesAuctionClosedWhenCloseMessageReceived" classname="unit.AuctionMessageTranslatorTest" time="0.002"/>
  <testcase name="notifiesBidDetailsWhenCurrentPriceMessageReceivedFromOtherBidder" classname="unit.AuctionMessageTranslatorTest" time="0.002"/>
  <system-out><![CDATA[]]></system-out>
  <system-err><![CDATA[]]></system-err>
</testsuite>
